<?xml version="1.0" encoding="UTF-8"?>
<testsuite name="Aerolinea Despegar - reservar vuelo" tests="1" skipped="0" failures="1" errors="0" timestamp="2022-01-17T06:06:19" hostname="QVT1MDEWIN22" time="35.664">
  <properties/>
  <testcase name="reserva de vuelo y validar pagina de metodos de pago" classname="Aerolinea Despegar - reservar vuelo" time="35.664">
    <failure message="java.lang.AssertionError: &#10;Expected: &quot;Detalle del pagoss&quot;&#10;     but: was &quot;Detalle del pago&quot;" type="java.lang.AssertionError">java.lang.AssertionError: 
Expected: &quot;Detalle del pagoss&quot;
     but: was &quot;Detalle del pago&quot;
	at net.serenitybdd.screenplay.ErrorTally.throwSummaryExceptionFrom(ErrorTally.java:36)
	at net.serenitybdd.screenplay.ErrorTally.reportAnyErrors(ErrorTally.java:30)
	at net.serenitybdd.screenplay.Actor.should(Actor.java:316)
	at co.com.accenture.despegar.stepdefinitions.reservarvuelo.ReservarVueloStepDefinitions.elVisualizaraLaPaginaDeMetodosDePagos(ReservarVueloStepDefinitions.java:43)
	at ✽.el visualizara la pagina de metodos de pagos(src/test/resources/features/reservarvuelo/reservar_vuelo.feature:15)
</failure>
  </testcase>
  <system-out><![CDATA[]]></system-out>
  <system-err><![CDATA[[Test worker] INFO net.thucydides.core.steps.ConsoleLoggingListener - STARTING STEP Dado que el usuario se encuentra en la pagina de inicio de Despegar
[Test worker] INFO net.thucydides.core.steps.ConsoleLoggingListener - STARTING STEP El actor open url
[Test worker] INFO net.thucydides.core.steps.ConsoleLoggingListener - STARTING STEP El actor opens the Reservar vuelo userinterface
ene 17, 2022 1:06:20 AM org.openqa.selenium.remote.DesiredCapabilities chrome
INFORMACIÓN: Using `new ChromeOptions()` is preferred to `DesiredCapabilities.chrome()`
[Test worker] INFO net.serenitybdd.core.webdriver.driverproviders.ProvideNewDriver - Instantiating driver
[Test worker] INFO net.serenitybdd.core.webdriver.driverproviders.ProvideNewDriver - Driver capabilities: Capabilities {acceptInsecureCerts: false, browserName: chrome, chrome.switches: --disk-cache-dir=null, --di..., goog:chromeOptions: {args: [--disk-cache-dir=null, --disable-popup-blocking, --incognito, --disable-download-notifica..., --start-maximized, --test-type, --ignore-certificate-errors, --allow-running-insecure-co..., --disable-translate, --always-authorize-plugins, --disable-extensions], extensions: []}, loggingPrefs: org.openqa.selenium.logging..., platform: ANY, version: }
Starting ChromeDriver 97.0.4692.71 (adefa7837d02a07a604c1e6eff0b3a09422ab88d-refs/branch-heads/4692@{#1247}) on port 26722
Only local connections are allowed.
Please see https://chromedriver.chromium.org/security-considerations for suggestions on keeping ChromeDriver safe.
ChromeDriver was started successfully.
ene 17, 2022 1:06:22 AM org.openqa.selenium.remote.ProtocolHandshake createSession
INFORMACIÓN: Detected dialect: W3C
[Test worker] INFO net.thucydides.core.steps.ConsoleLoggingListener - FINISHING STEP
[Test worker] INFO net.thucydides.core.steps.ConsoleLoggingListener - FINISHING STEP
[Test worker] INFO net.thucydides.core.steps.ConsoleLoggingListener - FINISHING STEP
[Test worker] INFO net.thucydides.core.steps.ConsoleLoggingListener - STARTING STEP Cuando el realiza el proceso para reservar un vuelo
| origen | destino | validacion |
| MMedellín, Antioquia, Colombia | BBogotá, Bogotá D.C., Colombia | Detalle del pagoss |
ERROR StatusLogger No Log4j 2 configuration file found. Using default configuration (logging only errors to the console), or user programmatically provided configurations. Set system property 'log4j2.debug' to show Log4j 2 internal initialization logging. See https://logging.apache.org/log4j/2.x/manual/configuration.html for instructions on how to configure Log4j 2
[Test worker] INFO net.thucydides.core.steps.ConsoleLoggingListener - STARTING STEP El actor Cargo los datos de la prueba para la automatizaciÃ³n [{origen=MMedellín, Antioquia, Colombia, destino=BBogotá, Bogotá D.C., Colombia, validacion=Detalle del pagoss}]
[Test worker] INFO net.thucydides.core.steps.ConsoleLoggingListener - FINISHING STEP
[Test worker] INFO net.thucydides.core.steps.ConsoleLoggingListener - STARTING STEP El actor reservar vuelo
[Test worker] INFO net.thucydides.core.steps.ConsoleLoggingListener - STARTING STEP El actor clicks on Input para ingresar el origen del vuelo
[Test worker] INFO net.thucydides.core.steps.ConsoleLoggingListener - FINISHING STEP
[Test worker] INFO net.thucydides.core.steps.ConsoleLoggingListener - STARTING STEP El actor enters 'MMedellín, Antioquia, Colombia' into Input para ingresar el origen del vuelo
[Test worker] INFO net.thucydides.core.steps.ConsoleLoggingListener - FINISHING STEP
[Test worker] INFO net.thucydides.core.steps.ConsoleLoggingListener - STARTING STEP El actor clicks on Resultado busqueda ciudad origen
[Test worker] INFO net.thucydides.core.steps.ConsoleLoggingListener - FINISHING STEP
[Test worker] INFO net.thucydides.core.steps.ConsoleLoggingListener - STARTING STEP El actor clicks on Input para ingresar el destino del vuelo
[Test worker] INFO net.thucydides.core.steps.ConsoleLoggingListener - FINISHING STEP
[Test worker] INFO net.thucydides.core.steps.ConsoleLoggingListener - STARTING STEP El actor enters 'BBogotá, Bogotá D.C., Colombia' into Input para ingresar el destino del vuelo
[Test worker] INFO net.thucydides.core.steps.ConsoleLoggingListener - FINISHING STEP
[Test worker] INFO net.thucydides.core.steps.ConsoleLoggingListener - STARTING STEP El actor clicks on Resultado busqueda ciudad destino
[Test worker] INFO net.thucydides.core.steps.ConsoleLoggingListener - FINISHING STEP
[Test worker] INFO net.thucydides.core.steps.ConsoleLoggingListener - STARTING STEP El actor clicks on Campo para desplegar las fechas de ida del vuelo
[Test worker] INFO net.thucydides.core.steps.ConsoleLoggingListener - FINISHING STEP
[Test worker] INFO net.thucydides.core.steps.ConsoleLoggingListener - STARTING STEP El actor clicks on Opcion fecha de ida del vuelo
[Test worker] INFO net.thucydides.core.steps.ConsoleLoggingListener - FINISHING STEP
[Test worker] INFO net.thucydides.core.steps.ConsoleLoggingListener - STARTING STEP El actor clicks on Opcion fecha de vuelta del vuelo
[Test worker] INFO net.thucydides.core.steps.ConsoleLoggingListener - FINISHING STEP
[Test worker] INFO net.thucydides.core.steps.ConsoleLoggingListener - STARTING STEP El actor clicks on Boton para cerrar ventana emergente de metodos de login
[Test worker] INFO net.thucydides.core.steps.ConsoleLoggingListener - FINISHING STEP
[Test worker] INFO net.thucydides.core.steps.ConsoleLoggingListener - STARTING STEP El actor clicks on Boton para buscar vuelos segun los filtros ingresados
[Test worker] INFO net.thucydides.core.steps.ConsoleLoggingListener - FINISHING STEP
[Test worker] INFO net.thucydides.core.steps.ConsoleLoggingListener - STARTING STEP El actor clicks on Boton para comprar el vuelo seleccionado
[Test worker] INFO net.thucydides.core.steps.ConsoleLoggingListener - FINISHING STEP
[Test worker] INFO net.thucydides.core.steps.ConsoleLoggingListener - STARTING STEP El actor clicks on Boton para continuar el proceso de compra del vuelo
[Test worker] INFO net.thucydides.core.steps.ConsoleLoggingListener - FINISHING STEP
[Test worker] INFO net.thucydides.core.steps.ConsoleLoggingListener - FINISHING STEP
[Test worker] INFO net.thucydides.core.steps.ConsoleLoggingListener - FINISHING STEP
[Test worker] INFO net.thucydides.core.steps.ConsoleLoggingListener - STARTING STEP Entonces el visualizara la pagina de metodos de pagos
[Test worker] INFO net.thucydides.core.steps.ConsoleLoggingListener - STARTING STEP Then validar pagina should be 'Detalle del pagoss'
[Test worker] INFO net.thucydides.core.steps.ConsoleLoggingListener - ?[91mSTEP FAILURE: java.lang.AssertionError: 
Expected: "Detalle del pagoss"
     but: was "Detalle del pago"?[0m
[Test worker] INFO net.thucydides.core.steps.ConsoleLoggingListener - ?[91mSTEP FAILURE: java.lang.AssertionError: 
Expected: "Detalle del pagoss"
     but: was "Detalle del pago"?[0m
[Test worker] INFO net.thucydides.core.steps.ConsoleLoggingListener - ?[91mSTEP FAILURE: java.lang.AssertionError: 
Expected: "Detalle del pagoss"
     but: was "Detalle del pago"?[0m
[Test worker] ERROR net.thucydides.core.steps.ConsoleLoggingListener - ?[91m
           __  _____ _____ ____ _____   _____ _    ___ _     _____ ____  
  _       / / |_   _| ____/ ___|_   _| |  ___/ \  |_ _| |   | ____|  _ \ 
 (_)_____| |    | | |  _| \___ \ | |   | |_ / _ \  | || |   |  _| | | | |
  _|_____| |    | | | |___ ___) || |   |  _/ ___ \ | || |___| |___| |_| |
 (_)     | |    |_| |_____|____/ |_|   |_|/_/   \_\___|_____|_____|____/ 
          \_\                                                            

TEST FAILED: reserva de vuelo y validar pagina de metodos de pago
--------------------------------------------------------------------------?[0m
[Test worker] ERROR net.thucydides.core.steps.ConsoleLoggingListener - ?[91mTEST FAILED AT STEP Then validar pagina should be 'Detalle del pagoss'?[0m
[Test worker] ERROR net.thucydides.core.steps.ConsoleLoggingListener - Expected: "Detalle del pagoss" but: was "Detalle del pago"
]]></system-err>
</testsuite>
